<?xml version="1.0" encoding="UTF-8"?>
<!-- Generated by org.testng.reporters.JUnitReportReporter -->
<testsuite skipped="0" hostname="welcome-PC" name="com.qa.rest.tests.PutAPICall" tests="1" failures="0" timestamp="15 Jun 2019 20:50:01 GMT" time="8.229" errors="0">
  <testcase name="postTest" time="8.229" classname="com.qa.rest.tests.PutAPICall"/>
</testsuite> <!-- com.qa.rest.tests.PutAPICall -->
