<?xml version="1.0" encoding="UTF-8"?>
<!-- Generated by org.testng.reporters.JUnitReportReporter -->
<testsuite skipped="0" hostname="welcome-PC" name="com.qa.rest.tests.DeleteAPICall" tests="1" failures="0" timestamp="15 Jun 2019 20:47:35 GMT" time="9.893" errors="0">
  <testcase name="deleteTest" time="9.893" classname="com.qa.rest.tests.DeleteAPICall"/>
</testsuite> <!-- com.qa.rest.tests.DeleteAPICall -->
