<?xml version="1.0" encoding="UTF-8"?>
<!-- Generated by org.testng.reporters.JUnitReportReporter -->
<testsuite skipped="0" hostname="welcome-PC" name="com.qa.rest.tests.PostAPICall" tests="1" failures="0" timestamp="15 Jun 2019 20:43:53 GMT" time="10.907" errors="0">
  <testcase name="postTest" time="10.907" classname="com.qa.rest.tests.PostAPICall"/>
</testsuite> <!-- com.qa.rest.tests.PostAPICall -->
