<?xml version="1.0" encoding="UTF-8"?>
<!-- Generated by org.testng.reporters.JUnitReportReporter -->
<testsuite skipped="0" hostname="welcome-PC" name="com.qa.rest.tests.GetCallBDD" tests="1" failures="0" timestamp="15 Jun 2019 19:39:13 GMT" time="14.416" errors="0">
  <testcase name="test_numberOfCircuitsFor2017_Season" time="14.416" classname="com.qa.rest.tests.GetCallBDD"/>
</testsuite> <!-- com.qa.rest.tests.GetCallBDD -->
